Using pre-set license
Built from '2020.3/staging' branch; Version is '2020.3.19f1 (68f137dc9bbe) revision 6877495'; Using compiler version '192528614'; Build Type 'Release'
OS: 'Windows 10 Pro; OS build 22458.1000; Version 2009; 64bit' Language: 'en' Physical Memory: 8073 MB
BatchMode: 1, IsHumanControllingUs: 0, StartBugReporterOnCrash: 0, Is64bit: 1, IsPro: 0

COMMAND LINE ARGUMENTS:
C:\Program Files\Unity\Hub\Editor\2020.3.19f1\Editor\Unity.exe
-adb2
-batchMode
-noUpm
-name
AssetImportWorker0
-projectPath
D:/Projects/Unity/The Fish Master
-logFile
Logs/AssetImportWorker0.log
-srvPort
50442
Successfully changed project path to: D:/Projects/Unity/The Fish Master
D:/Projects/Unity/The Fish Master
Using Asset Import Pipeline V2.
Refreshing native plugins compatible for Editor in 62.51 ms, found 2 plugins.
Preloading 0 native plugins for Editor in 0.00 ms.
Initialize engine version: 2020.3.19f1 (68f137dc9bbe)
[Subsystems] Discovering subsystems at path C:/Program Files/Unity/Hub/Editor/2020.3.19f1/Editor/Data/Resources/UnitySubsystems
[Subsystems] Discovering subsystems at path D:/Projects/Unity/The Fish Master/Assets
GfxDevice: creating device client; threaded=0
Direct3D:
    Version:  Direct3D 11.0 [level 11.1]
    Renderer: NVIDIA GeForce GTX 1050 (ID=0x1c8d)
    Vendor:   
    VRAM:     1979 MB
    Driver:   30.0.14.7212
Initialize mono
Mono path[0] = 'C:/Program Files/Unity/Hub/Editor/2020.3.19f1/Editor/Data/Managed'
Mono path[1] = 'C:/Program Files/Unity/Hub/Editor/2020.3.19f1/Editor/Data/MonoBleedingEdge/lib/mono/unityjit'
Mono config path = 'C:/Program Files/Unity/Hub/Editor/2020.3.19f1/Editor/Data/MonoBleedingEdge/etc'
Using monoOptions --debugger-agent=transport=dt_socket,embedding=1,server=y,suspend=n,address=127.0.0.1:56252
Begin MonoManager ReloadAssembly
Registering precompiled unity dll's ...
Register platform support module: C:/Program Files/Unity/Hub/Editor/2020.3.19f1/Editor/Data/PlaybackEngines/WindowsStandaloneSupport/UnityEditor.WindowsStandalone.Extensions.dll
Registered in 0.009560 seconds.
Native extension for WindowsStandalone target not found
Refreshing native plugins compatible for Editor in 47.70 ms, found 2 plugins.
Preloading 0 native plugins for Editor in 0.00 ms.
Mono: successfully reloaded assembly
- Completed reload, in  4.801 seconds
Domain Reload Profiling:
	ReloadAssembly (4801ms)
		BeginReloadAssembly (74ms)
			ExecutionOrderSort (0ms)
			DisableScriptedObjects (0ms)
			BackupInstance (0ms)
			ReleaseScriptingObjects (0ms)
			CreateAndSetChildDomain (1ms)
		EndReloadAssembly (553ms)
			LoadAssemblies (72ms)
			RebuildTransferFunctionScriptingTraits (0ms)
			SetupTypeCache (191ms)
			ReleaseScriptCaches (0ms)
			RebuildScriptCaches (41ms)
			SetupLoadedEditorAssemblies (222ms)
				LogAssemblyErrors (0ms)
				InitializePlatformSupportModulesInManaged (5ms)
				SetLoadedEditorAssemblies (0ms)
				RefreshPlugins (48ms)
				BeforeProcessingInitializeOnLoad (24ms)
				ProcessInitializeOnLoadAttributes (92ms)
				ProcessInitializeOnLoadMethodAttributes (53ms)
				AfterProcessingInitializeOnLoad (0ms)
				EditorAssembliesLoaded (0ms)
			ExecutionOrderSort2 (0ms)
			AwakeInstancesAfterBackupRestoration (0ms)
Platform modules already initialized, skipping
Registering precompiled user dll's ...
Registered in 0.215430 seconds.
Begin MonoManager ReloadAssembly
Native extension for WindowsStandalone target not found
Refreshing native plugins compatible for Editor in 0.72 ms, found 2 plugins.
Preloading 0 native plugins for Editor in 0.00 ms.
Mono: successfully reloaded assembly
- Completed reload, in  3.150 seconds
Domain Reload Profiling:
	ReloadAssembly (3151ms)
		BeginReloadAssembly (180ms)
			ExecutionOrderSort (0ms)
			DisableScriptedObjects (5ms)
			BackupInstance (0ms)
			ReleaseScriptingObjects (0ms)
			CreateAndSetChildDomain (22ms)
		EndReloadAssembly (2895ms)
			LoadAssemblies (1793ms)
			RebuildTransferFunctionScriptingTraits (0ms)
			SetupTypeCache (391ms)
			ReleaseScriptCaches (0ms)
			RebuildScriptCaches (51ms)
			SetupLoadedEditorAssemblies (554ms)
				LogAssemblyErrors (0ms)
				InitializePlatformSupportModulesInManaged (5ms)
				SetLoadedEditorAssemblies (0ms)
				RefreshPlugins (1ms)
				BeforeProcessingInitializeOnLoad (137ms)
				ProcessInitializeOnLoadAttributes (351ms)
				ProcessInitializeOnLoadMethodAttributes (52ms)
				AfterProcessingInitializeOnLoad (7ms)
				EditorAssembliesLoaded (0ms)
			ExecutionOrderSort2 (0ms)
			AwakeInstancesAfterBackupRestoration (11ms)
Platform modules already initialized, skipping
========================================================================
Worker process is ready to serve import requests
Launched and connected shader compiler UnityShaderCompiler.exe after 0.11 seconds
Refreshing native plugins compatible for Editor in 0.90 ms, found 2 plugins.
Preloading 0 native plugins for Editor in 0.00 ms.
Unloading 1979 Unused Serialized files (Serialized files now loaded: 0)
System memory in use before: 81.3 MB.
System memory in use after: 81.4 MB.

Unloading 63 unused Assets to reduce memory usage. Loaded Objects now: 2383.
Total: 7.506600 ms (FindLiveObjects: 0.190500 ms CreateObjectMapping: 0.081400 ms MarkObjects: 7.084200 ms  DeleteObjects: 0.149300 ms)

AssetImportParameters requested are different than current active one (requested -> active):
  custom:framework-win-MediaFoundation: 216162199b28c13a410421893ffa2e32 -> 
  custom:video-decoder-ogg-theora: a1e56fd34408186e4bbccfd4996cb3dc -> 
  custom:container-muxer-webm: aa71ff27fc2769a1b78a27578f13a17b -> 
  custom:container-demuxer-webm: 4f35f7cbe854078d1ac9338744f61a02 -> 
  custom:container-demuxer-ogg: 62fdf1f143b41e24485cea50d1cbac27 -> 
  custom:video-encoder-webm-vp8: eb34c28f22e8b96e1ab97ce403110664 -> 
  custom:video-decoder-webm-vp8: 9c59270c3fd7afecdb556c50c9e8de78 -> 
  custom:audio-decoder-ogg-vorbis: bf7c407c2cedff20999df2af8eb42d56 -> 
  custom:audio-encoder-webm-vorbis: bf7c407c2cedff20999df2af8eb42d56 -> 
========================================================================
Received Import Request.
  path: Assets/Sprites/back-2.png
  artifactKey: Guid(c0fa3cbc31397e341854bb1d34ca2766) Importer(815301076,1909f56bfc062723c751e8b465ee728b)
Start importing Assets/Sprites/back-2.png using Guid(c0fa3cbc31397e341854bb1d34ca2766) Importer(815301076,1909f56bfc062723c751e8b465ee728b)  -> (artifact id: '1c5d0c2ff121deb29173c55ab01cb2e4') in 0.223904 seconds 
  Import took 0.245212 seconds .

========================================================================
Received Import Request.
  Time since last request: 0.001166 seconds.
  path: Assets/Sprites/rateus-button.png
  artifactKey: Guid(08c00a87873d46347a38c0e10599f196) Importer(815301076,1909f56bfc062723c751e8b465ee728b)
Start importing Assets/Sprites/rateus-button.png using Guid(08c00a87873d46347a38c0e10599f196) Importer(815301076,1909f56bfc062723c751e8b465ee728b)  -> (artifact id: '58a7d554cee7808a434f84a0d3fff9a8') in 0.079946 seconds 
  Import took 0.085550 seconds .

========================================================================
Received Import Request.
  Time since last request: 0.000918 seconds.
  path: Assets/Sprites/collect-collectx2-buttons.png
  artifactKey: Guid(a3592c3aa4732a84ca39cae12deb5a60) Importer(815301076,1909f56bfc062723c751e8b465ee728b)
Start importing Assets/Sprites/collect-collectx2-buttons.png using Guid(a3592c3aa4732a84ca39cae12deb5a60) Importer(815301076,1909f56bfc062723c751e8b465ee728b)  -> (artifact id: '53f2336000c9e2616638a5de31d1e962') in 0.030743 seconds 
  Import took 0.040358 seconds .

========================================================================
Received Import Request.
  Time since last request: 0.000871 seconds.
  path: Assets/Sprites/lobster.png
  artifactKey: Guid(8fab18349c9d6d8469298d44f37137f7) Importer(815301076,1909f56bfc062723c751e8b465ee728b)
Start importing Assets/Sprites/lobster.png using Guid(8fab18349c9d6d8469298d44f37137f7) Importer(815301076,1909f56bfc062723c751e8b465ee728b)  -> (artifact id: 'd894f6e3b7e1d57bc9f033aca0a5b322') in 0.075198 seconds 
  Import took 0.098893 seconds .

========================================================================
Received Import Request.
  Time since last request: 0.000532 seconds.
  path: Assets/Sprites/fish-11.png
  artifactKey: Guid(e7a18cf07e3c0134f999045a8be4df93) Importer(815301076,1909f56bfc062723c751e8b465ee728b)
Start importing Assets/Sprites/fish-11.png using Guid(e7a18cf07e3c0134f999045a8be4df93) Importer(815301076,1909f56bfc062723c751e8b465ee728b)  -> (artifact id: 'e192dbff823ddb24556d1087ca79a3b7') in 0.069642 seconds 
  Import took 0.073727 seconds .

========================================================================
Received Import Request.
  Time since last request: 0.001085 seconds.
  path: Assets/Sprites/fish-9.png
  artifactKey: Guid(e2f523fda6451894695db85e96bbef8c) Importer(815301076,1909f56bfc062723c751e8b465ee728b)
Start importing Assets/Sprites/fish-9.png using Guid(e2f523fda6451894695db85e96bbef8c) Importer(815301076,1909f56bfc062723c751e8b465ee728b)  -> (artifact id: '174b302c6ced3dcd7d887f48a0483b10') in 0.042578 seconds 
  Import took 0.046922 seconds .

========================================================================
Received Import Request.
  Time since last request: 0.002879 seconds.
  path: Assets/Sprites/fish-7.png
  artifactKey: Guid(332e52786fdb85241a79eb9f66ffaa96) Importer(815301076,1909f56bfc062723c751e8b465ee728b)
Start importing Assets/Sprites/fish-7.png using Guid(332e52786fdb85241a79eb9f66ffaa96) Importer(815301076,1909f56bfc062723c751e8b465ee728b)  -> (artifact id: '12a11b221ea06661484e64c0c3407140') in 0.044090 seconds 
  Import took 0.050897 seconds .

========================================================================
Received Import Request.
  Time since last request: 0.001285 seconds.
  path: Assets/Sprites/strength-button.png
  artifactKey: Guid(6ae65144ed8c731438675fd849be0911) Importer(815301076,1909f56bfc062723c751e8b465ee728b)
Start importing Assets/Sprites/strength-button.png using Guid(6ae65144ed8c731438675fd849be0911) Importer(815301076,1909f56bfc062723c751e8b465ee728b)  -> (artifact id: '239e58307b60503b6b481043620e90f9') in 0.016598 seconds 
  Import took 0.020780 seconds .

========================================================================
Received Import Request.
  Time since last request: 0.001155 seconds.
  path: Assets/Sprites/_icon_512.jpg
  artifactKey: Guid(bccfcef108f2c6d4d91ebc3d0a337f5e) Importer(815301076,1909f56bfc062723c751e8b465ee728b)
Start importing Assets/Sprites/_icon_512.jpg using Guid(bccfcef108f2c6d4d91ebc3d0a337f5e) Importer(815301076,1909f56bfc062723c751e8b465ee728b)  -> (artifact id: '178b90cbe82353609cf0f1e66d988fea') in 0.045245 seconds 
  Import took 0.050076 seconds .

========================================================================
Received Import Request.
  Time since last request: 0.001106 seconds.
  path: Assets/Sprites/offline-button.png
  artifactKey: Guid(49b3092c0479a4c489b2e3b2b49b6562) Importer(815301076,1909f56bfc062723c751e8b465ee728b)
Start importing Assets/Sprites/offline-button.png using Guid(49b3092c0479a4c489b2e3b2b49b6562) Importer(815301076,1909f56bfc062723c751e8b465ee728b)  -> (artifact id: '3b5bf56c1e7cc2cf47d4f1a364f79466') in 0.026215 seconds 
  Import took 0.030859 seconds .

========================================================================
Received Import Request.
  Time since last request: 0.000978 seconds.
  path: Assets/Sprites/fish-8.png
  artifactKey: Guid(3e09eb7f21aa6ca4796f72fc5164df7a) Importer(815301076,1909f56bfc062723c751e8b465ee728b)
Start importing Assets/Sprites/fish-8.png using Guid(3e09eb7f21aa6ca4796f72fc5164df7a) Importer(815301076,1909f56bfc062723c751e8b465ee728b)  -> (artifact id: 'ed71b86e23738b18e1edfafb88a94ee9') in 0.047234 seconds 
  Import took 0.053449 seconds .

========================================================================
Received Import Request.
  Time since last request: 0.001096 seconds.
  path: Assets/Sprites/fish.png
  artifactKey: Guid(f9d2d1ac9ce506c468bdfd378228e7d6) Importer(815301076,1909f56bfc062723c751e8b465ee728b)
Start importing Assets/Sprites/fish.png using Guid(f9d2d1ac9ce506c468bdfd378228e7d6) Importer(815301076,1909f56bfc062723c751e8b465ee728b)  -> (artifact id: 'c86ab4e962d15ed3fa7ce31d49dcfe8d') in 0.016933 seconds 
  Import took 0.024308 seconds .

========================================================================
Received Import Request.
  Time since last request: 0.001102 seconds.
  path: Assets/Sprites/fish-12.png
  artifactKey: Guid(74cd6d7817338cd40934603993932fce) Importer(815301076,1909f56bfc062723c751e8b465ee728b)
Start importing Assets/Sprites/fish-12.png using Guid(74cd6d7817338cd40934603993932fce) Importer(815301076,1909f56bfc062723c751e8b465ee728b)  -> (artifact id: '1da4501154f7e7cbfd6a999713413d28') in 0.097272 seconds 
  Import took 0.101503 seconds .

========================================================================
Received Import Request.
  Time since last request: 0.001123 seconds.
  path: Assets/Sprites/fish-2.png
  artifactKey: Guid(88d1edf9bd294c046a8845a5a87ef177) Importer(815301076,1909f56bfc062723c751e8b465ee728b)
Start importing Assets/Sprites/fish-2.png using Guid(88d1edf9bd294c046a8845a5a87ef177) Importer(815301076,1909f56bfc062723c751e8b465ee728b)  -> (artifact id: 'eb2f102c9cf559b919eaa6b48c97c2aa') in 0.048184 seconds 
  Import took 0.051517 seconds .

========================================================================
Received Import Request.
  Time since last request: 0.001318 seconds.
  path: Assets/Sprites/back-main.png
  artifactKey: Guid(8b6a02cfc1c755e4e8e54707cb6d7391) Importer(815301076,1909f56bfc062723c751e8b465ee728b)
Start importing Assets/Sprites/back-main.png using Guid(8b6a02cfc1c755e4e8e54707cb6d7391) Importer(815301076,1909f56bfc062723c751e8b465ee728b)  -> (artifact id: '079d17e9066f63290bddd0186e14ecdf') in 0.030752 seconds 
  Import took 0.035515 seconds .

========================================================================
Received Import Request.
  Time since last request: 0.001692 seconds.
  path: Assets/Sprites/fish-6.png
  artifactKey: Guid(af76b3139c9606744b63ee6551dd72f5) Importer(815301076,1909f56bfc062723c751e8b465ee728b)
Start importing Assets/Sprites/fish-6.png using Guid(af76b3139c9606744b63ee6551dd72f5) Importer(815301076,1909f56bfc062723c751e8b465ee728b)  -> (artifact id: '59d4c1558170b3251f2691972a5c244b') in 0.051456 seconds 
  Import took 0.057715 seconds .

========================================================================
Received Import Request.
  Time since last request: 0.001371 seconds.
  path: Assets/Sprites/fish-10.png
  artifactKey: Guid(4e04403c54c32e14da2c144183c2c170) Importer(815301076,1909f56bfc062723c751e8b465ee728b)
Start importing Assets/Sprites/fish-10.png using Guid(4e04403c54c32e14da2c144183c2c170) Importer(815301076,1909f56bfc062723c751e8b465ee728b)  -> (artifact id: '0e92a867b8ceb98788e438db8256c173') in 0.045053 seconds 
  Import took 0.049047 seconds .

========================================================================
Received Import Request.
  Time since last request: 0.001343 seconds.
  path: Assets/Sprites/ip.png
  artifactKey: Guid(ca6ff28911863964b95728f1522b1fd2) Importer(815301076,1909f56bfc062723c751e8b465ee728b)
Start importing Assets/Sprites/ip.png using Guid(ca6ff28911863964b95728f1522b1fd2) Importer(815301076,1909f56bfc062723c751e8b465ee728b)  -> (artifact id: 'a3176646f6b1310e7fd60c4cafa8096b') in 0.018815 seconds 
  Import took 0.022648 seconds .

========================================================================
Received Import Request.
  Time since last request: 0.000767 seconds.
  path: Assets/Sprites/fish-3.png
  artifactKey: Guid(20f8addd7525710418ecf003c0182557) Importer(815301076,1909f56bfc062723c751e8b465ee728b)
Start importing Assets/Sprites/fish-3.png using Guid(20f8addd7525710418ecf003c0182557) Importer(815301076,1909f56bfc062723c751e8b465ee728b)  -> (artifact id: '659643cbf4b694c295adecb24e82803f') in 0.041991 seconds 
  Import took 0.046565 seconds .

========================================================================
Received Import Request.
  Time since last request: 0.000764 seconds.
  path: Assets/Sprites/fish-1.png
  artifactKey: Guid(2dc6f051f14567140b8733c4032c6302) Importer(815301076,1909f56bfc062723c751e8b465ee728b)
Start importing Assets/Sprites/fish-1.png using Guid(2dc6f051f14567140b8733c4032c6302) Importer(815301076,1909f56bfc062723c751e8b465ee728b)  -> (artifact id: 'd78a7f7feac23bd0e5eabc3f2b317f63') in 0.052933 seconds 
  Import took 0.058416 seconds .

========================================================================
Received Import Request.
  Time since last request: 0.000978 seconds.
  path: Assets/Sprites/_sprites.mat
  artifactKey: Guid(8be59e600b7b4e14da720a6482f6dadc) Importer(815301076,1909f56bfc062723c751e8b465ee728b)
Start importing Assets/Sprites/_sprites.mat using Guid(8be59e600b7b4e14da720a6482f6dadc) Importer(815301076,1909f56bfc062723c751e8b465ee728b)  -> (artifact id: '60f6d940ad5fbe12c95bf079caf41e17') in 0.167149 seconds 
  Import took 0.170779 seconds .

========================================================================
Received Import Request.
  Time since last request: 0.001288 seconds.
  path: Assets/Sprites/fisherman 1.png
  artifactKey: Guid(671f9f04d35c6204ba629b3f417d7f31) Importer(815301076,1909f56bfc062723c751e8b465ee728b)
Start importing Assets/Sprites/fisherman 1.png using Guid(671f9f04d35c6204ba629b3f417d7f31) Importer(815301076,1909f56bfc062723c751e8b465ee728b)  -> (artifact id: 'efe872bf03d44bd9b8293e8a34b0ace9') in 0.019076 seconds 
  Import took 0.023255 seconds .

========================================================================
Received Import Request.
  Time since last request: 0.000957 seconds.
  path: Assets/Sprites/shrimp.png
  artifactKey: Guid(ae0d127e50fa38d4f8a4c2d0c4a75772) Importer(815301076,1909f56bfc062723c751e8b465ee728b)
Start importing Assets/Sprites/shrimp.png using Guid(ae0d127e50fa38d4f8a4c2d0c4a75772) Importer(815301076,1909f56bfc062723c751e8b465ee728b)  -> (artifact id: 'f6a0b48267f0e95e1e646533a29bd8f2') in 0.066564 seconds 
  Import took 0.071835 seconds .

========================================================================
Received Import Request.
  Time since last request: 0.000740 seconds.
  path: Assets/Sprites/fish-4.png
  artifactKey: Guid(92358db16c2abe24393ba3abaff522a6) Importer(815301076,1909f56bfc062723c751e8b465ee728b)
Start importing Assets/Sprites/fish-4.png using Guid(92358db16c2abe24393ba3abaff522a6) Importer(815301076,1909f56bfc062723c751e8b465ee728b)  -> (artifact id: 'e98bea9224a89ab1a4b7992eb4248fdf') in 0.058667 seconds 
  Import took 0.062284 seconds .

========================================================================
Received Import Request.
  Time since last request: 0.000921 seconds.
  path: Assets/Sprites/Hook.png
  artifactKey: Guid(fe76fc7db4acaf4419681cae6f505ddc) Importer(815301076,1909f56bfc062723c751e8b465ee728b)
Start importing Assets/Sprites/Hook.png using Guid(fe76fc7db4acaf4419681cae6f505ddc) Importer(815301076,1909f56bfc062723c751e8b465ee728b)  -> (artifact id: 'bc2db870cef325b455ed305b8acb4dff') in 0.017938 seconds 
  Import took 0.021828 seconds .

========================================================================
Received Import Request.
  Time since last request: 0.001116 seconds.
  path: Assets/Sprites/BEBAS___.ttf
  artifactKey: Guid(d691064ba1862304ba679b13ba3253cc) Importer(815301076,1909f56bfc062723c751e8b465ee728b)
Start importing Assets/Sprites/BEBAS___.ttf using Guid(d691064ba1862304ba679b13ba3253cc) Importer(815301076,1909f56bfc062723c751e8b465ee728b)  -> (artifact id: 'd23b4151d74b966d49226697d723d145') in 0.070707 seconds 
  Import took 0.077993 seconds .

========================================================================
Received Import Request.
  Time since last request: 0.001007 seconds.
  path: Assets/Sprites/fish-5.png
  artifactKey: Guid(a5c750638a523b640bcf665e7a5efbdf) Importer(815301076,1909f56bfc062723c751e8b465ee728b)
Start importing Assets/Sprites/fish-5.png using Guid(a5c750638a523b640bcf665e7a5efbdf) Importer(815301076,1909f56bfc062723c751e8b465ee728b)  -> (artifact id: 'f438839a088168a4e7d75e19d1183df2') in 0.035531 seconds 
  Import took 0.055364 seconds .

========================================================================
Received Import Request.
  Time since last request: 0.002517 seconds.
  path: Assets/Sprites/crab.png
  artifactKey: Guid(c164795c728fe3742b4a812164ecfb33) Importer(815301076,1909f56bfc062723c751e8b465ee728b)
Start importing Assets/Sprites/crab.png using Guid(c164795c728fe3742b4a812164ecfb33) Importer(815301076,1909f56bfc062723c751e8b465ee728b)  -> (artifact id: 'e4f4a902a08d707123bd9567f5c08f35') in 0.052881 seconds 
  Import took 0.057890 seconds .

========================================================================
Received Import Request.
  Time since last request: 0.000963 seconds.
  path: Assets/Sprites/collect-button.png
  artifactKey: Guid(83f66b78dad492a42a3c0c3dd5c875cf) Importer(815301076,1909f56bfc062723c751e8b465ee728b)
Start importing Assets/Sprites/collect-button.png using Guid(83f66b78dad492a42a3c0c3dd5c875cf) Importer(815301076,1909f56bfc062723c751e8b465ee728b)  -> (artifact id: '27dbbec68b0116950442b69370f2f4db') in 0.029826 seconds 
  Import took 0.033241 seconds .

========================================================================
Received Import Request.
  Time since last request: 0.000173 seconds.
  path: Assets/Sprites/back-3.png
  artifactKey: Guid(5a701e5208e234440bdedacaf0b60587) Importer(815301076,1909f56bfc062723c751e8b465ee728b)
Start importing Assets/Sprites/back-3.png using Guid(5a701e5208e234440bdedacaf0b60587) Importer(815301076,1909f56bfc062723c751e8b465ee728b)  -> (artifact id: 'e19fdebb8fe52cce2b5e1e4d6adee2bd') in 0.152237 seconds 
  Import took 0.156452 seconds .

========================================================================
Received Import Request.
  Time since last request: 0.001343 seconds.
  path: Assets/Sprites/length-button.png
  artifactKey: Guid(7615d14c993a8994cb95fe35369178aa) Importer(815301076,1909f56bfc062723c751e8b465ee728b)
Start importing Assets/Sprites/length-button.png using Guid(7615d14c993a8994cb95fe35369178aa) Importer(815301076,1909f56bfc062723c751e8b465ee728b)  -> (artifact id: '0c8fa8d0391e41e747b090e1ce1e132a') in 0.015839 seconds 
  Import took 0.020105 seconds .

========================================================================
Received Import Request.
  Time since last request: 264.644390 seconds.
  path: Assets/Scripts
  artifactKey: Guid(6f4195d0f2cba8742b39d0cc98b63fdd) Importer(815301076,1909f56bfc062723c751e8b465ee728b)
Start importing Assets/Scripts using Guid(6f4195d0f2cba8742b39d0cc98b63fdd) Importer(815301076,1909f56bfc062723c751e8b465ee728b)  -> (artifact id: '873a2fc894fa4c6ed4c2d4d13cac4585') in 0.002310 seconds 
  Import took 0.007983 seconds .

========================================================================
Received Import Request.
  Time since last request: 1.654842 seconds.
  path: Assets/Scripts/Managers Script
  artifactKey: Guid(bf342bfcfc235da459482295cd2c9ecf) Importer(815301076,1909f56bfc062723c751e8b465ee728b)
Start importing Assets/Scripts/Managers Script using Guid(bf342bfcfc235da459482295cd2c9ecf) Importer(815301076,1909f56bfc062723c751e8b465ee728b)  -> (artifact id: '0a3eea87a008cf77ab981b8f0f210ee5') in 0.001992 seconds 
  Import took 0.007292 seconds .

========================================================================
Received Prepare
Registering precompiled user dll's ...
Registered in 0.005975 seconds.
Begin MonoManager ReloadAssembly
Native extension for WindowsStandalone target not found
Refreshing native plugins compatible for Editor in 0.78 ms, found 2 plugins.
Preloading 0 native plugins for Editor in 0.00 ms.
Mono: successfully reloaded assembly
- Completed reload, in  1.417 seconds
Domain Reload Profiling:
	ReloadAssembly (1418ms)
		BeginReloadAssembly (164ms)
			ExecutionOrderSort (0ms)
			DisableScriptedObjects (11ms)
			BackupInstance (0ms)
			ReleaseScriptingObjects (0ms)
			CreateAndSetChildDomain (59ms)
		EndReloadAssembly (1180ms)
			LoadAssemblies (124ms)
			RebuildTransferFunctionScriptingTraits (0ms)
			SetupTypeCache (427ms)
			ReleaseScriptCaches (1ms)
			RebuildScriptCaches (56ms)
			SetupLoadedEditorAssemblies (448ms)
				LogAssemblyErrors (0ms)
				InitializePlatformSupportModulesInManaged (5ms)
				SetLoadedEditorAssemblies (1ms)
				RefreshPlugins (1ms)
				BeforeProcessingInitializeOnLoad (103ms)
				ProcessInitializeOnLoadAttributes (291ms)
				ProcessInitializeOnLoadMethodAttributes (42ms)
				AfterProcessingInitializeOnLoad (5ms)
				EditorAssembliesLoaded (0ms)
			ExecutionOrderSort2 (0ms)
			AwakeInstancesAfterBackupRestoration (8ms)
Platform modules already initialized, skipping
Switching build target platform(19) subTarget(0) extendedPlatform(0) -> platform(13) subTarget(589824) extendedPlatform(0)
Refreshing native plugins compatible for Editor in 0.85 ms, found 2 plugins.
Preloading 0 native plugins for Editor in 0.00 ms.
Unloading 1976 Unused Serialized files (Serialized files now loaded: 0)
System memory in use before: 84.5 MB.
System memory in use after: 84.6 MB.

Unloading 54 unused Assets to reduce memory usage. Loaded Objects now: 2435.
Total: 8.138600 ms (FindLiveObjects: 0.234200 ms CreateObjectMapping: 0.094400 ms MarkObjects: 7.751900 ms  DeleteObjects: 0.056700 ms)

AssetImportParameters requested are different than current active one (requested -> active):
  custom:framework-win-MediaFoundation: 216162199b28c13a410421893ffa2e32 -> 
  custom:video-decoder-ogg-theora: a1e56fd34408186e4bbccfd4996cb3dc -> 
  custom:container-muxer-webm: aa71ff27fc2769a1b78a27578f13a17b -> 
  custom:container-demuxer-webm: 4f35f7cbe854078d1ac9338744f61a02 -> 
  custom:container-demuxer-ogg: 62fdf1f143b41e24485cea50d1cbac27 -> 
  custom:video-encoder-webm-vp8: eb34c28f22e8b96e1ab97ce403110664 -> 
  custom:video-decoder-webm-vp8: 9c59270c3fd7afecdb556c50c9e8de78 -> 
  custom:graphics/normal-map-encoding: 01000000000000000000000000000000 -> 02000000000000000000000000000000
  custom:audio-decoder-ogg-vorbis: bf7c407c2cedff20999df2af8eb42d56 -> 
  custom:audio-encoder-webm-vorbis: bf7c407c2cedff20999df2af8eb42d56 -> 
========================================================================
Received Prepare
Refreshing native plugins compatible for Editor in 11.26 ms, found 2 plugins.
Preloading 0 native plugins for Editor in 0.00 ms.
Unloading 52 Unused Serialized files (Serialized files now loaded: 0)
System memory in use before: 46.5 MB.
System memory in use after: 46.6 MB.

Unloading 52 unused Assets to reduce memory usage. Loaded Objects now: 2435.
Total: 7.279900 ms (FindLiveObjects: 0.188600 ms CreateObjectMapping: 0.091300 ms MarkObjects: 6.927700 ms  DeleteObjects: 0.071000 ms)

AssetImportParameters requested are different than current active one (requested -> active):
  custom:framework-win-MediaFoundation: 216162199b28c13a410421893ffa2e32 -> 
  custom:video-decoder-ogg-theora: a1e56fd34408186e4bbccfd4996cb3dc -> 
  custom:container-muxer-webm: aa71ff27fc2769a1b78a27578f13a17b -> 
  custom:container-demuxer-webm: 4f35f7cbe854078d1ac9338744f61a02 -> 
  custom:container-demuxer-ogg: 62fdf1f143b41e24485cea50d1cbac27 -> 
  custom:video-encoder-webm-vp8: eb34c28f22e8b96e1ab97ce403110664 -> 
  custom:video-decoder-webm-vp8: 9c59270c3fd7afecdb556c50c9e8de78 -> 
  custom:audio-decoder-ogg-vorbis: bf7c407c2cedff20999df2af8eb42d56 -> 
  custom:audio-encoder-webm-vorbis: bf7c407c2cedff20999df2af8eb42d56 -> 
========================================================================
Received Import Request.
  Time since last request: 360.912984 seconds.
  path: Assets/Demigiant/DemiLib/Core/Editor/Imgs/blackSquare.png
  artifactKey: Guid(80a7922bacf488d4a905e600c8c8bb0b) Importer(815301076,1909f56bfc062723c751e8b465ee728b)
Start importing Assets/Demigiant/DemiLib/Core/Editor/Imgs/blackSquare.png using Guid(80a7922bacf488d4a905e600c8c8bb0b) Importer(815301076,1909f56bfc062723c751e8b465ee728b)  -> (artifact id: '84d15eb93ac8c984b146a6e9b1c0f9fb') in 0.101719 seconds 
  Import took 0.107530 seconds .

========================================================================
Received Import Request.
  Time since last request: 0.001104 seconds.
  path: Assets/Demigiant/DemiLib/Core/Editor/Imgs/whiteDot_whiteBorderAlpha.png
  artifactKey: Guid(805a8c1d856bb564e853ad662aaee2f9) Importer(815301076,1909f56bfc062723c751e8b465ee728b)
Start importing Assets/Demigiant/DemiLib/Core/Editor/Imgs/whiteDot_whiteBorderAlpha.png using Guid(805a8c1d856bb564e853ad662aaee2f9) Importer(815301076,1909f56bfc062723c751e8b465ee728b)  -> (artifact id: '3a4be36dcee699cf74d2af57fc2a7e55') in 0.018299 seconds 
  Import took 0.022304 seconds .

========================================================================
Received Import Request.
  Time since last request: 0.001149 seconds.
  path: Assets/Demigiant/DemiLib/Core/Editor/Imgs/ico_camera_border.png
  artifactKey: Guid(db0ff8e2c1f96fb48bf038b8ab744471) Importer(815301076,1909f56bfc062723c751e8b465ee728b)
Start importing Assets/Demigiant/DemiLib/Core/Editor/Imgs/ico_camera_border.png using Guid(db0ff8e2c1f96fb48bf038b8ab744471) Importer(815301076,1909f56bfc062723c751e8b465ee728b)  -> (artifact id: '475e74bb15c278aed8555ce74344a0e7') in 0.032652 seconds 
  Import took 0.036319 seconds .

========================================================================
Received Import Request.
  Time since last request: 0.000997 seconds.
  path: Assets/Demigiant/DOTween/Editor/Imgs/Footer.png
  artifactKey: Guid(7051dba417b3d53409f2918f1ea4938d) Importer(815301076,1909f56bfc062723c751e8b465ee728b)
Start importing Assets/Demigiant/DOTween/Editor/Imgs/Footer.png using Guid(7051dba417b3d53409f2918f1ea4938d) Importer(815301076,1909f56bfc062723c751e8b465ee728b)  -> (artifact id: 'bcef128ababb5eafc9df73a09cba13ed') in 0.041828 seconds 
  Import took 0.046352 seconds .

========================================================================
Received Import Request.
  Time since last request: 0.000975 seconds.
  path: Assets/Demigiant/DemiLib/Core/Editor/Imgs/ico_star.png
  artifactKey: Guid(723cdbcce6571274ba3dd004ed69af7b) Importer(815301076,1909f56bfc062723c751e8b465ee728b)
Start importing Assets/Demigiant/DemiLib/Core/Editor/Imgs/ico_star.png using Guid(723cdbcce6571274ba3dd004ed69af7b) Importer(815301076,1909f56bfc062723c751e8b465ee728b)  -> (artifact id: '019b5adfaab6fcbfd75b8c999b7f7af5') in 0.043778 seconds 
  Import took 0.047901 seconds .

========================================================================
Received Import Request.
  Time since last request: 0.001336 seconds.
  path: Assets/Demigiant/DemiLib/Core/Editor/Imgs/ico_alert.png
  artifactKey: Guid(f54a97d483847894c8a1a9a3678d4d2e) Importer(815301076,1909f56bfc062723c751e8b465ee728b)
Start importing Assets/Demigiant/DemiLib/Core/Editor/Imgs/ico_alert.png using Guid(f54a97d483847894c8a1a9a3678d4d2e) Importer(815301076,1909f56bfc062723c751e8b465ee728b)  -> (artifact id: 'd1a6098fa8549d10a3e6a0d6800ef8b4') in 0.040047 seconds 
  Import took 0.044342 seconds .

========================================================================
Received Import Request.
  Time since last request: 0.001055 seconds.
  path: Assets/Demigiant/DemiLib/Core/Editor/Imgs/ico_play.png
  artifactKey: Guid(a6fde0d426e7aa44f8c4a39c5d1f9007) Importer(815301076,1909f56bfc062723c751e8b465ee728b)
Start importing Assets/Demigiant/DemiLib/Core/Editor/Imgs/ico_play.png using Guid(a6fde0d426e7aa44f8c4a39c5d1f9007) Importer(815301076,1909f56bfc062723c751e8b465ee728b)  -> (artifact id: 'b791fa0a0f829562d26227c51740b8b3') in 0.025554 seconds 
  Import took 0.034072 seconds .

========================================================================
Received Import Request.
  Time since last request: 0.000858 seconds.
  path: Assets/Demigiant/DemiLib/Core/Editor/Imgs/squareBorderEmpty01.png
  artifactKey: Guid(79519e6f806524c4fb963c3aa0b23fc4) Importer(815301076,1909f56bfc062723c751e8b465ee728b)
Start importing Assets/Demigiant/DemiLib/Core/Editor/Imgs/squareBorderEmpty01.png using Guid(79519e6f806524c4fb963c3aa0b23fc4) Importer(815301076,1909f56bfc062723c751e8b465ee728b)  -> (artifact id: 'c3eafb60d8d27fa1d76d3a9de78764b0') in 0.041190 seconds 
  Import took 0.050244 seconds .

========================================================================
Received Import Request.
  Time since last request: 0.000978 seconds.
  path: Assets/Demigiant/DemiLib/Core/Editor/Imgs/ico_delete.png
  artifactKey: Guid(502837798c63b33449b8db087d415bfb) Importer(815301076,1909f56bfc062723c751e8b465ee728b)
Start importing Assets/Demigiant/DemiLib/Core/Editor/Imgs/ico_delete.png using Guid(502837798c63b33449b8db087d415bfb) Importer(815301076,1909f56bfc062723c751e8b465ee728b)  -> (artifact id: 'd1641331a1af5966ec7115466aef1fd0') in 0.030411 seconds 
  Import took 0.034424 seconds .

========================================================================
Received Import Request.
  Time since last request: 0.000778 seconds.
  path: Assets/Demigiant/DemiLib/Core/Editor/Imgs/squareBorderCurvedEmptyThick.png
  artifactKey: Guid(de7931d4e05562046bceafcb92cab56e) Importer(815301076,1909f56bfc062723c751e8b465ee728b)
Start importing Assets/Demigiant/DemiLib/Core/Editor/Imgs/squareBorderCurvedEmptyThick.png using Guid(de7931d4e05562046bceafcb92cab56e) Importer(815301076,1909f56bfc062723c751e8b465ee728b)  -> (artifact id: '57e199d4e983ebc6314da8e7bcdf6289') in 0.011454 seconds 
  Import took 0.015840 seconds .

========================================================================
Received Import Request.
  Time since last request: 0.000995 seconds.
  path: Assets/Demigiant/DemiLib/Core/Editor/Imgs/whiteSquareAlpha80.png
  artifactKey: Guid(e84622936d4d07d408a3c70f2e2cfc49) Importer(815301076,1909f56bfc062723c751e8b465ee728b)
Start importing Assets/Demigiant/DemiLib/Core/Editor/Imgs/whiteSquareAlpha80.png using Guid(e84622936d4d07d408a3c70f2e2cfc49) Importer(815301076,1909f56bfc062723c751e8b465ee728b)  -> (artifact id: '502843bf74203c330f5c4a4419b94b99') in 0.022310 seconds 
  Import took 0.026794 seconds .

========================================================================
Received Import Request.
  Time since last request: 0.000798 seconds.
  path: Assets/Demigiant/DemiLib/Core/Editor/Imgs/ico_alignB.png
  artifactKey: Guid(16073dd341d78a645adcaa1e534e6674) Importer(815301076,1909f56bfc062723c751e8b465ee728b)
Start importing Assets/Demigiant/DemiLib/Core/Editor/Imgs/ico_alignB.png using Guid(16073dd341d78a645adcaa1e534e6674) Importer(815301076,1909f56bfc062723c751e8b465ee728b)  -> (artifact id: 'e60a061a923c7f0db6bb3a95c9cb9c28') in 0.038308 seconds 
  Import took 0.042229 seconds .

========================================================================
Received Import Request.
  Time since last request: 0.000874 seconds.
  path: Assets/Demigiant/DemiLib/Core/Editor/Imgs/squareBorderCurved.png
  artifactKey: Guid(101a096921769504a8c7da078d64aa53) Importer(815301076,1909f56bfc062723c751e8b465ee728b)
Start importing Assets/Demigiant/DemiLib/Core/Editor/Imgs/squareBorderCurved.png using Guid(101a096921769504a8c7da078d64aa53) Importer(815301076,1909f56bfc062723c751e8b465ee728b)  -> (artifact id: 'a91821e60cf04a740ad6b2736a68fd0a') in 0.053245 seconds 
  Import took 0.059227 seconds .

========================================================================
Received Import Request.
  Time since last request: 0.000832 seconds.
  path: Assets/Demigiant/DemiLib/Core/Editor/Imgs/ico_skull_border.png
  artifactKey: Guid(13aad27e90ba07542b6d8758bd726d57) Importer(815301076,1909f56bfc062723c751e8b465ee728b)
Start importing Assets/Demigiant/DemiLib/Core/Editor/Imgs/ico_skull_border.png using Guid(13aad27e90ba07542b6d8758bd726d57) Importer(815301076,1909f56bfc062723c751e8b465ee728b)  -> (artifact id: '183fc858022096fd1a7eaf1ccfd711dd') in 0.049738 seconds 
  Import took 0.054574 seconds .

========================================================================
Received Import Request.
  Time since last request: 0.001097 seconds.
  path: Packages/com.unity.purchasing/Icons/UnityEngine.Purchasing.IAPButtonIcon.png
  artifactKey: Guid(55e457740fe60405dac77af143e1a867) Importer(815301076,1909f56bfc062723c751e8b465ee728b)
Start importing Packages/com.unity.purchasing/Icons/UnityEngine.Purchasing.IAPButtonIcon.png using Guid(55e457740fe60405dac77af143e1a867) Importer(815301076,1909f56bfc062723c751e8b465ee728b)  -> (artifact id: '58d6f7ec415817d457187e7424b91fb1') in 0.034341 seconds 
  Import took 0.041479 seconds .

========================================================================
Received Import Request.
  Time since last request: 0.000992 seconds.
  path: Assets/Demigiant/DemiLib/Core/Editor/Imgs/ico_alignHC.png
  artifactKey: Guid(bce963b7d687db848ab0711af5dce396) Importer(815301076,1909f56bfc062723c751e8b465ee728b)
Start importing Assets/Demigiant/DemiLib/Core/Editor/Imgs/ico_alignHC.png using Guid(bce963b7d687db848ab0711af5dce396) Importer(815301076,1909f56bfc062723c751e8b465ee728b)  -> (artifact id: 'b357b6bc72c09ca7e30dccd6a77a7b65') in 0.018573 seconds 
  Import took 0.043619 seconds .

========================================================================
Received Import Request.
  Time since last request: 0.001473 seconds.
  path: Assets/Demigiant/DemiLib/Core/Editor/Imgs/ico_nodeArrow.png
  artifactKey: Guid(5d2a1bf0469e6b942a0dcea416d969b4) Importer(815301076,1909f56bfc062723c751e8b465ee728b)
Start importing Assets/Demigiant/DemiLib/Core/Editor/Imgs/ico_nodeArrow.png using Guid(5d2a1bf0469e6b942a0dcea416d969b4) Importer(815301076,1909f56bfc062723c751e8b465ee728b)  -> (artifact id: '52280e4c6bb00ea3b5029ccd1441c105') in 0.033516 seconds 
  Import took 0.037127 seconds .

========================================================================
Received Import Request.
  Time since last request: 0.000752 seconds.
  path: Assets/Demigiant/DemiLib/Core/Editor/Imgs/whiteSquareAlpha15.png
  artifactKey: Guid(c4e7bf638dab395409f47462b609c765) Importer(815301076,1909f56bfc062723c751e8b465ee728b)
Start importing Assets/Demigiant/DemiLib/Core/Editor/Imgs/whiteSquareAlpha15.png using Guid(c4e7bf638dab395409f47462b609c765) Importer(815301076,1909f56bfc062723c751e8b465ee728b)  -> (artifact id: 'a73fa4370b455031cee3add32d5317e5') in 0.020220 seconds 
  Import took 0.024362 seconds .

========================================================================
Received Import Request.
  Time since last request: 0.002337 seconds.
  path: Assets/Demigiant/DemiLib/Core/Editor/Imgs/squareBorderEmpty02.png
  artifactKey: Guid(5ca7b0c48e4ac8d4484a7204ec99e586) Importer(815301076,1909f56bfc062723c751e8b465ee728b)
Start importing Assets/Demigiant/DemiLib/Core/Editor/Imgs/squareBorderEmpty02.png using Guid(5ca7b0c48e4ac8d4484a7204ec99e586) Importer(815301076,1909f56bfc062723c751e8b465ee728b)  -> (artifact id: 'aa70fc692e8ddc1c6dc5f70f7d2f3911') in 0.043014 seconds 
  Import took 0.050522 seconds .

========================================================================
Received Import Request.
  Time since last request: 0.000660 seconds.
  path: Assets/Demigiant/DemiLib/Core/Editor/Imgs/squareBorderEmpty.png
  artifactKey: Guid(cdddcfb1c340d6946ba93ca916ded40b) Importer(815301076,1909f56bfc062723c751e8b465ee728b)
Start importing Assets/Demigiant/DemiLib/Core/Editor/Imgs/squareBorderEmpty.png using Guid(cdddcfb1c340d6946ba93ca916ded40b) Importer(815301076,1909f56bfc062723c751e8b465ee728b)  -> (artifact id: '106a74c1347bfb3e726d48d7c300d935') in 0.023402 seconds 
  Import took 0.027826 seconds .

========================================================================
Received Import Request.
  Time since last request: 0.001264 seconds.
  path: Assets/Demigiant/DemiLib/Core/Editor/Imgs/whiteSquareAlpha25.png
  artifactKey: Guid(3247c44895a8cba46a57f96ce1aafe91) Importer(815301076,1909f56bfc062723c751e8b465ee728b)
Start importing Assets/Demigiant/DemiLib/Core/Editor/Imgs/whiteSquareAlpha25.png using Guid(3247c44895a8cba46a57f96ce1aafe91) Importer(815301076,1909f56bfc062723c751e8b465ee728b)  -> (artifact id: '16fb445951c29b6e24548394ffe2dfae') in 0.029694 seconds 
  Import took 0.040059 seconds .

========================================================================
Received Import Request.
  Time since last request: 0.000994 seconds.
  path: Assets/Demigiant/DemiLib/Core/Editor/Imgs/grid_bright.png
  artifactKey: Guid(3d04a74fbd7e6be4794276a67ee8c9c5) Importer(815301076,1909f56bfc062723c751e8b465ee728b)
Start importing Assets/Demigiant/DemiLib/Core/Editor/Imgs/grid_bright.png using Guid(3d04a74fbd7e6be4794276a67ee8c9c5) Importer(815301076,1909f56bfc062723c751e8b465ee728b)  -> (artifact id: 'aa3b0c2b8e52eeaa2ed84cef6cf9bf60') in 0.028081 seconds 
  Import took 0.031950 seconds .

========================================================================
Received Import Request.
  Time since last request: 0.000681 seconds.
  path: Assets/Demigiant/DOTween/Editor/Imgs/DOTweenIcon.png
  artifactKey: Guid(8da095e39e9b4df488dfd436f81116d6) Importer(815301076,1909f56bfc062723c751e8b465ee728b)
Start importing Assets/Demigiant/DOTween/Editor/Imgs/DOTweenIcon.png using Guid(8da095e39e9b4df488dfd436f81116d6) Importer(815301076,1909f56bfc062723c751e8b465ee728b)  -> (artifact id: '8c5918c1515c44967a7b63c2e814e26a') in 0.035079 seconds 
  Import took 0.039752 seconds .

========================================================================
Received Import Request.
  Time since last request: 0.001065 seconds.
  path: Assets/Demigiant/DemiLib/Core/Editor/Imgs/squareBorderThickerEmpty.png
  artifactKey: Guid(68d44d8dcc7f6d5459fc3afbd29f3638) Importer(815301076,1909f56bfc062723c751e8b465ee728b)
Start importing Assets/Demigiant/DemiLib/Core/Editor/Imgs/squareBorderThickerEmpty.png using Guid(68d44d8dcc7f6d5459fc3afbd29f3638) Importer(815301076,1909f56bfc062723c751e8b465ee728b)  -> (artifact id: '66d14dac9fe1a3533670e66ae3fc94a4') in 0.014885 seconds 
  Import took 0.021962 seconds .

========================================================================
Received Import Request.
  Time since last request: 0.001015 seconds.
  path: Assets/Demigiant/DemiLib/Core/Editor/Imgs/squareBorderCurved_darkBordersAlpha.png
  artifactKey: Guid(1bf1cda305339fe4cba00a0b49a57df0) Importer(815301076,1909f56bfc062723c751e8b465ee728b)
Start importing Assets/Demigiant/DemiLib/Core/Editor/Imgs/squareBorderCurved_darkBordersAlpha.png using Guid(1bf1cda305339fe4cba00a0b49a57df0) Importer(815301076,1909f56bfc062723c751e8b465ee728b)  -> (artifact id: 'f111bbc2bce35078fb36986230c54f7b') in 0.023010 seconds 
  Import took 0.027805 seconds .

========================================================================
Received Import Request.
  Time since last request: 0.000851 seconds.
  path: Assets/Demigiant/DemiLib/Core/Editor/Imgs/whiteSquareAlpha50.png
  artifactKey: Guid(6efe39b83f08fba4fb0b016070fca601) Importer(815301076,1909f56bfc062723c751e8b465ee728b)
Start importing Assets/Demigiant/DemiLib/Core/Editor/Imgs/whiteSquareAlpha50.png using Guid(6efe39b83f08fba4fb0b016070fca601) Importer(815301076,1909f56bfc062723c751e8b465ee728b)  -> (artifact id: '7c35ce1a767bb190c9e56b902b9f577c') in 0.019284 seconds 
  Import took 0.025537 seconds .

========================================================================
Received Import Request.
  Time since last request: 0.000927 seconds.
  path: Assets/Demigiant/DemiLib/Core/Editor/Imgs/ico_heart.png
  artifactKey: Guid(4b3fde20ad8bb8b46aecda1f86d777a2) Importer(815301076,1909f56bfc062723c751e8b465ee728b)
Start importing Assets/Demigiant/DemiLib/Core/Editor/Imgs/ico_heart.png using Guid(4b3fde20ad8bb8b46aecda1f86d777a2) Importer(815301076,1909f56bfc062723c751e8b465ee728b)  -> (artifact id: '4b36b94acace1127dd5642d293c419da') in 0.026889 seconds 
  Import took 0.031342 seconds .

========================================================================
Received Import Request.
  Time since last request: 0.001498 seconds.
  path: Assets/Demigiant/DemiLib/Core/Editor/Imgs/ico_alignR.png
  artifactKey: Guid(41c732c4ec9751d4eba2f29b47769209) Importer(815301076,1909f56bfc062723c751e8b465ee728b)
Start importing Assets/Demigiant/DemiLib/Core/Editor/Imgs/ico_alignR.png using Guid(41c732c4ec9751d4eba2f29b47769209) Importer(815301076,1909f56bfc062723c751e8b465ee728b)  -> (artifact id: '419fedb7315db17eac1750408db91ab1') in 0.023647 seconds 
  Import took 0.028269 seconds .

========================================================================
Received Import Request.
  Time since last request: 0.001096 seconds.
  path: Packages/com.unity.purchasing/Icons/LinkBlack.png
  artifactKey: Guid(33d3dd2c39dfd49a3b2d36b20225624a) Importer(815301076,1909f56bfc062723c751e8b465ee728b)
Start importing Packages/com.unity.purchasing/Icons/LinkBlack.png using Guid(33d3dd2c39dfd49a3b2d36b20225624a) Importer(815301076,1909f56bfc062723c751e8b465ee728b)  -> (artifact id: '08e5400ad1ff190b7fb96a52e927b5a2') in 0.023051 seconds 
  Import took 0.028928 seconds .

========================================================================
Received Import Request.
  Time since last request: 0.001688 seconds.
  path: Assets/Demigiant/DemiLib/Core/Editor/Imgs/whiteSquare_fadeOut_bt.png
  artifactKey: Guid(8ee8aea758898634ebefe71817d5c893) Importer(815301076,1909f56bfc062723c751e8b465ee728b)
Start importing Assets/Demigiant/DemiLib/Core/Editor/Imgs/whiteSquare_fadeOut_bt.png using Guid(8ee8aea758898634ebefe71817d5c893) Importer(815301076,1909f56bfc062723c751e8b465ee728b)  -> (artifact id: '665e138ada5a5266ca9a7372498b64b5') in 0.020284 seconds 
  Import took 0.024866 seconds .

========================================================================
Received Import Request.
  Time since last request: 0.000785 seconds.
  path: Assets/Demigiant/DemiLib/Core/Editor/Imgs/ico_comment_border.png
  artifactKey: Guid(a2ccb15d4bd49ec40832fec01046ba00) Importer(815301076,1909f56bfc062723c751e8b465ee728b)
Start importing Assets/Demigiant/DemiLib/Core/Editor/Imgs/ico_comment_border.png using Guid(a2ccb15d4bd49ec40832fec01046ba00) Importer(815301076,1909f56bfc062723c751e8b465ee728b)  -> (artifact id: 'b1350f32b495c5c27251c43e2aa27d9e') in 0.028530 seconds 
  Import took 0.032708 seconds .

========================================================================
Received Import Request.
  Time since last request: 0.000773 seconds.
  path: Assets/Demigiant/DemiLib/Core/Editor/Imgs/orangeSquare.png
  artifactKey: Guid(52e4f739c76b42847a1f3df70ae46822) Importer(815301076,1909f56bfc062723c751e8b465ee728b)
Start importing Assets/Demigiant/DemiLib/Core/Editor/Imgs/orangeSquare.png using Guid(52e4f739c76b42847a1f3df70ae46822) Importer(815301076,1909f56bfc062723c751e8b465ee728b)  -> (artifact id: '4ec23db84b41eaba2e1d36b0567e9e76') in 0.017504 seconds 
  Import took 0.024431 seconds .

========================================================================
Received Import Request.
  Time since last request: 0.000672 seconds.
  path: Assets/Demigiant/DemiLib/Core/Editor/Imgs/ico_end.png
  artifactKey: Guid(036b89b3d397bd4428247d4327fdd145) Importer(815301076,1909f56bfc062723c751e8b465ee728b)
Start importing Assets/Demigiant/DemiLib/Core/Editor/Imgs/ico_end.png using Guid(036b89b3d397bd4428247d4327fdd145) Importer(815301076,1909f56bfc062723c751e8b465ee728b)  -> (artifact id: '65dd20be665f0deb13c25620adb76d53') in 0.049164 seconds 
  Import took 0.052872 seconds .

========================================================================
Received Import Request.
  Time since last request: 0.000978 seconds.
  path: Assets/Demigiant/DemiLib/Core/Editor/Imgs/whiteSquare.png
  artifactKey: Guid(340ea8767b1fa3d45bf25912ab89e80c) Importer(815301076,1909f56bfc062723c751e8b465ee728b)
Start importing Assets/Demigiant/DemiLib/Core/Editor/Imgs/whiteSquare.png using Guid(340ea8767b1fa3d45bf25912ab89e80c) Importer(815301076,1909f56bfc062723c751e8b465ee728b)  -> (artifact id: '78271fde703645915b6618ed675e4aec') in 0.043087 seconds 
  Import took 0.047778 seconds .

========================================================================
Received Import Request.
  Time since last request: 0.000797 seconds.
  path: Assets/Demigiant/DemiLib/Core/Editor/Imgs/squareCorners03.png
  artifactKey: Guid(d70a3dde4472a7f4d87380fd84836009) Importer(815301076,1909f56bfc062723c751e8b465ee728b)
Start importing Assets/Demigiant/DemiLib/Core/Editor/Imgs/squareCorners03.png using Guid(d70a3dde4472a7f4d87380fd84836009) Importer(815301076,1909f56bfc062723c751e8b465ee728b)  -> (artifact id: '54fa9b757101035087ebd965e4803041') in 0.041141 seconds 
  Import took 0.046698 seconds .

========================================================================
Received Import Request.
  Time since last request: 0.000821 seconds.
  path: Assets/Demigiant/DemiLib/Core/Editor/Imgs/yellowSquare.png
  artifactKey: Guid(16212138b3ddfb148aa094c08d7428bf) Importer(815301076,1909f56bfc062723c751e8b465ee728b)
Start importing Assets/Demigiant/DemiLib/Core/Editor/Imgs/yellowSquare.png using Guid(16212138b3ddfb148aa094c08d7428bf) Importer(815301076,1909f56bfc062723c751e8b465ee728b)  -> (artifact id: 'dd2db22ab5c26f25a6dcca9816ee4562') in 0.007274 seconds 
  Import took 0.014269 seconds .

========================================================================
Received Import Request.
  Time since last request: 0.001861 seconds.
  path: Assets/Demigiant/DemiLib/Core/Editor/Imgs/squareBorder.png
  artifactKey: Guid(6871134bcc120634ebb45f0aa22209d0) Importer(815301076,1909f56bfc062723c751e8b465ee728b)
Start importing Assets/Demigiant/DemiLib/Core/Editor/Imgs/squareBorder.png using Guid(6871134bcc120634ebb45f0aa22209d0) Importer(815301076,1909f56bfc062723c751e8b465ee728b)  -> (artifact id: 'c669e08d571af37f27ecf0e0bf27ff6d') in 0.042447 seconds 
  Import took 0.059419 seconds .

========================================================================
Received Import Request.
  Time since last request: 0.001401 seconds.
  path: Assets/Demigiant/DemiLib/Core/Editor/Imgs/ico_alignBL.png
  artifactKey: Guid(6ff31a90008483d4f9655283e692a9eb) Importer(815301076,1909f56bfc062723c751e8b465ee728b)
Start importing Assets/Demigiant/DemiLib/Core/Editor/Imgs/ico_alignBL.png using Guid(6ff31a90008483d4f9655283e692a9eb) Importer(815301076,1909f56bfc062723c751e8b465ee728b)  -> (artifact id: '87b379d25b8e5ecf09b9c258fb429ab5') in 0.027158 seconds 
  Import took 0.033954 seconds .

========================================================================
Received Import Request.
  Time since last request: 0.001860 seconds.
  path: Assets/Demigiant/DemiLib/Core/Editor/Imgs/ico_alignCL.png
  artifactKey: Guid(3ff139cfcdc84274f81a913f7ddb858c) Importer(815301076,1909f56bfc062723c751e8b465ee728b)
Start importing Assets/Demigiant/DemiLib/Core/Editor/Imgs/ico_alignCL.png using Guid(3ff139cfcdc84274f81a913f7ddb858c) Importer(815301076,1909f56bfc062723c751e8b465ee728b)  -> (artifact id: '8a3b30ac392c01bd746232df2f09f74e') in 0.030408 seconds 
  Import took 0.038019 seconds .

========================================================================
Received Import Request.
  Time since last request: 0.001295 seconds.
  path: Assets/Demigiant/DemiLib/Core/Editor/Imgs/ico_star_border.png
  artifactKey: Guid(482e1afe73d2e824fa74af5f5c909056) Importer(815301076,1909f56bfc062723c751e8b465ee728b)
Start importing Assets/Demigiant/DemiLib/Core/Editor/Imgs/ico_star_border.png using Guid(482e1afe73d2e824fa74af5f5c909056) Importer(815301076,1909f56bfc062723c751e8b465ee728b)  -> (artifact id: '4bfba5862198358b3504e1f5aaa11fe5') in 0.043458 seconds 
  Import took 0.048040 seconds .

========================================================================
Received Import Request.
  Time since last request: 0.000880 seconds.
  path: Assets/Demigiant/DemiLib/Core/Editor/Imgs/ico_alignT.png
  artifactKey: Guid(c5330ee374792d140ad2227a9284dbea) Importer(815301076,1909f56bfc062723c751e8b465ee728b)
Start importing Assets/Demigiant/DemiLib/Core/Editor/Imgs/ico_alignT.png using Guid(c5330ee374792d140ad2227a9284dbea) Importer(815301076,1909f56bfc062723c751e8b465ee728b)  -> (artifact id: '75926fa94e4593b683ab9c9932e15d21') in 0.032175 seconds 
  Import took 0.036468 seconds .

========================================================================
Received Import Request.
  Time since last request: 0.000917 seconds.
  path: Assets/Demigiant/DemiLib/Core/Editor/Imgs/ico_ui.png
  artifactKey: Guid(d633a467ccc9f054c8e4d54f559e7e47) Importer(815301076,1909f56bfc062723c751e8b465ee728b)
Start importing Assets/Demigiant/DemiLib/Core/Editor/Imgs/ico_ui.png using Guid(d633a467ccc9f054c8e4d54f559e7e47) Importer(815301076,1909f56bfc062723c751e8b465ee728b)  -> (artifact id: 'cf6dd0b5493801116310dec52ace7592') in 0.032857 seconds 
  Import took 0.038095 seconds .

========================================================================
Received Import Request.
  Time since last request: 0.000687 seconds.
  path: Assets/Demigiant/DemiLib/Core/Editor/Imgs/redSquare.png
  artifactKey: Guid(5da80167d45fd46458c30ad4577e035d) Importer(815301076,1909f56bfc062723c751e8b465ee728b)
Start importing Assets/Demigiant/DemiLib/Core/Editor/Imgs/redSquare.png using Guid(5da80167d45fd46458c30ad4577e035d) Importer(815301076,1909f56bfc062723c751e8b465ee728b)  -> (artifact id: '7f6eba6f125876001ab52c2a4f86a38d') in 0.008554 seconds 
  Import took 0.018496 seconds .

========================================================================
Received Import Request.
  Time since last request: 0.000749 seconds.
  path: Assets/Demigiant/DemiLib/Core/Editor/Imgs/squareBorderCurvedEmpty.png
  artifactKey: Guid(061832186fb52e04493c5ad853831d73) Importer(815301076,1909f56bfc062723c751e8b465ee728b)
Start importing Assets/Demigiant/DemiLib/Core/Editor/Imgs/squareBorderCurvedEmpty.png using Guid(061832186fb52e04493c5ad853831d73) Importer(815301076,1909f56bfc062723c751e8b465ee728b)  -> (artifact id: '907713c1e758624365a3cfb9149f92ab') in 0.024011 seconds 
  Import took 0.027899 seconds .

========================================================================
Received Import Request.
  Time since last request: 0.000673 seconds.
  path: Assets/Demigiant/DemiLib/Core/Editor/Imgs/squareBorderThickEmpty.png
  artifactKey: Guid(911acd62a91be93428af0f5a1fd4a7b7) Importer(815301076,1909f56bfc062723c751e8b465ee728b)
Start importing Assets/Demigiant/DemiLib/Core/Editor/Imgs/squareBorderThickEmpty.png using Guid(911acd62a91be93428af0f5a1fd4a7b7) Importer(815301076,1909f56bfc062723c751e8b465ee728b)  -> (artifact id: '48e7c0064ff74ab8243593fb64391b9e') in 0.021989 seconds 
  Import took 0.031137 seconds .

========================================================================
Received Import Request.
  Time since last request: 0.000939 seconds.
  path: Assets/Demigiant/DemiLib/Core/Editor/Imgs/whiteDot_darkBorder.png
  artifactKey: Guid(ceee0efc895ad3442aff576d6d8d8031) Importer(815301076,1909f56bfc062723c751e8b465ee728b)
Start importing Assets/Demigiant/DemiLib/Core/Editor/Imgs/whiteDot_darkBorder.png using Guid(ceee0efc895ad3442aff576d6d8d8031) Importer(815301076,1909f56bfc062723c751e8b465ee728b)  -> (artifact id: '9e4f8e772b94a746927e90c40641d2c9') in 0.026147 seconds 
  Import took 0.033524 seconds .

========================================================================
Received Import Request.
  Time since last request: 0.000669 seconds.
  path: Assets/Demigiant/DemiLib/Core/Editor/Imgs/blackSquareAlpha80.png
  artifactKey: Guid(a6729fe7df57c4848af3819e0d556d3c) Importer(815301076,1909f56bfc062723c751e8b465ee728b)
Start importing Assets/Demigiant/DemiLib/Core/Editor/Imgs/blackSquareAlpha80.png using Guid(a6729fe7df57c4848af3819e0d556d3c) Importer(815301076,1909f56bfc062723c751e8b465ee728b)  -> (artifact id: '903259f57e7cfeebe540bc80332ecaf4') in 0.024051 seconds 
  Import took 0.030186 seconds .

========================================================================
Received Import Request.
  Time since last request: 0.000691 seconds.
  path: Assets/Demigiant/DOTween/Editor/Imgs/Header.jpg
  artifactKey: Guid(78a59ca99f8987941adb61f9e14a06a7) Importer(815301076,1909f56bfc062723c751e8b465ee728b)
Start importing Assets/Demigiant/DOTween/Editor/Imgs/Header.jpg using Guid(78a59ca99f8987941adb61f9e14a06a7) Importer(815301076,1909f56bfc062723c751e8b465ee728b)  -> (artifact id: 'c1618b65b9552adc4bc72f585607d679') in 0.016082 seconds 
  Import took 0.020245 seconds .

========================================================================
Received Import Request.
  Time since last request: 0.003007 seconds.
  path: Assets/Demigiant/DemiLib/Core/Editor/Imgs/ico_cog.png
  artifactKey: Guid(f78b1274dc7d92948aa483ca6b56f07f) Importer(815301076,1909f56bfc062723c751e8b465ee728b)
Start importing Assets/Demigiant/DemiLib/Core/Editor/Imgs/ico_cog.png using Guid(f78b1274dc7d92948aa483ca6b56f07f) Importer(815301076,1909f56bfc062723c751e8b465ee728b)  -> (artifact id: '36a9b14d3f48796931b5fe186103ece5') in 0.031605 seconds 
  Import took 0.036656 seconds .

========================================================================
Received Import Request.
  Time since last request: 0.000654 seconds.
  path: Assets/Demigiant/DemiLib/Core/Editor/Imgs/ico_heart_border.png
  artifactKey: Guid(28ff6e1e68ac6544dafed375a33d38b6) Importer(815301076,1909f56bfc062723c751e8b465ee728b)
Start importing Assets/Demigiant/DemiLib/Core/Editor/Imgs/ico_heart_border.png using Guid(28ff6e1e68ac6544dafed375a33d38b6) Importer(815301076,1909f56bfc062723c751e8b465ee728b)  -> (artifact id: '7384c8f39886c9bd5f6ac1ab42e0e273') in 0.032431 seconds 
  Import took 0.036752 seconds .

========================================================================
Received Import Request.
  Time since last request: 0.000788 seconds.
  path: Assets/Demigiant/DemiLib/Core/Editor/Imgs/blackSquareAlpha10.png
  artifactKey: Guid(31baf1fff938e7a41ad9cf44a533f50b) Importer(815301076,1909f56bfc062723c751e8b465ee728b)
Start importing Assets/Demigiant/DemiLib/Core/Editor/Imgs/blackSquareAlpha10.png using Guid(31baf1fff938e7a41ad9cf44a533f50b) Importer(815301076,1909f56bfc062723c751e8b465ee728b)  -> (artifact id: '7fea080399ee51781f59299665569bd5') in 0.030974 seconds 
  Import took 0.035337 seconds .

========================================================================
Received Import Request.
  Time since last request: 0.000552 seconds.
  path: Assets/Demigiant/DemiLib/Core/Editor/Imgs/purpleSquare.png
  artifactKey: Guid(d56ac14b387c188438db2f27d1573a19) Importer(815301076,1909f56bfc062723c751e8b465ee728b)
Start importing Assets/Demigiant/DemiLib/Core/Editor/Imgs/purpleSquare.png using Guid(d56ac14b387c188438db2f27d1573a19) Importer(815301076,1909f56bfc062723c751e8b465ee728b)  -> (artifact id: 'a3965d55e4024148379fb9aae835f90a') in 0.008993 seconds 
  Import took 0.013883 seconds .

========================================================================
Received Import Request.
  Time since last request: 0.000815 seconds.
  path: Assets/Demigiant/DemiLib/Core/Editor/Imgs/ico_skull.png
  artifactKey: Guid(838f6080f63106e45aaf99ea069b4aad) Importer(815301076,1909f56bfc062723c751e8b465ee728b)
Start importing Assets/Demigiant/DemiLib/Core/Editor/Imgs/ico_skull.png using Guid(838f6080f63106e45aaf99ea069b4aad) Importer(815301076,1909f56bfc062723c751e8b465ee728b)  -> (artifact id: 'e75934f919adbd9192a7c42cfa9363a6') in 0.015829 seconds 
  Import took 0.020274 seconds .

========================================================================
Received Import Request.
  Time since last request: 0.002222 seconds.
  path: Assets/Demigiant/DOTween/Editor/Imgs/Footer_dark.png
  artifactKey: Guid(519694efe2bb2914788b151fbd8c01f4) Importer(815301076,1909f56bfc062723c751e8b465ee728b)
Start importing Assets/Demigiant/DOTween/Editor/Imgs/Footer_dark.png using Guid(519694efe2bb2914788b151fbd8c01f4) Importer(815301076,1909f56bfc062723c751e8b465ee728b)  -> (artifact id: '69450c28cc21bf96154470a3b4717c39') in 0.019563 seconds 
  Import took 0.027454 seconds .

========================================================================
Received Import Request.
  Time since last request: 0.000696 seconds.
  path: Assets/Demigiant/DemiLib/Core/Editor/Imgs/whiteSquareAlpha10.png
  artifactKey: Guid(1977848ceff9813428a41d28ccde0a8e) Importer(815301076,1909f56bfc062723c751e8b465ee728b)
Start importing Assets/Demigiant/DemiLib/Core/Editor/Imgs/whiteSquareAlpha10.png using Guid(1977848ceff9813428a41d28ccde0a8e) Importer(815301076,1909f56bfc062723c751e8b465ee728b)  -> (artifact id: 'c839e824466b8ae81519798c62ca2eb3') in 0.018945 seconds 
  Import took 0.025544 seconds .

========================================================================
Received Import Request.
  Time since last request: 0.001278 seconds.
  path: Assets/Demigiant/DemiLib/Core/Editor/Imgs/blackSquareAlpha25.png
  artifactKey: Guid(ca5d127158e7bc740ad7db01eded3bb1) Importer(815301076,1909f56bfc062723c751e8b465ee728b)
Start importing Assets/Demigiant/DemiLib/Core/Editor/Imgs/blackSquareAlpha25.png using Guid(ca5d127158e7bc740ad7db01eded3bb1) Importer(815301076,1909f56bfc062723c751e8b465ee728b)  -> (artifact id: '34d08f01cdcfb6c84fe3819141c66e23') in 0.033389 seconds 
  Import took 0.037142 seconds .

========================================================================
Received Import Request.
  Time since last request: 0.000867 seconds.
  path: Assets/Demigiant/DemiLib/Core/Editor/Imgs/blueSquare.png
  artifactKey: Guid(cede877bce4af3947b501ea1ee8a71f0) Importer(815301076,1909f56bfc062723c751e8b465ee728b)
Start importing Assets/Demigiant/DemiLib/Core/Editor/Imgs/blueSquare.png using Guid(cede877bce4af3947b501ea1ee8a71f0) Importer(815301076,1909f56bfc062723c751e8b465ee728b)  -> (artifact id: '6b69e833b1b228102bd33a2a069c86be') in 0.035795 seconds 
  Import took 0.041268 seconds .

========================================================================
Received Import Request.
  Time since last request: 0.000754 seconds.
  path: Assets/Demigiant/DemiLib/Core/Editor/Imgs/circle.png
  artifactKey: Guid(d2c4cd1945bd69f41a2d621c239abdd2) Importer(815301076,1909f56bfc062723c751e8b465ee728b)
Start importing Assets/Demigiant/DemiLib/Core/Editor/Imgs/circle.png using Guid(d2c4cd1945bd69f41a2d621c239abdd2) Importer(815301076,1909f56bfc062723c751e8b465ee728b)  -> (artifact id: 'd95632cce8c631541bbb1aab8d3e64ac') in 0.029132 seconds 
  Import took 0.032844 seconds .

========================================================================
Received Import Request.
  Time since last request: 0.000521 seconds.
  path: Assets/Demigiant/DemiLib/Core/Editor/Imgs/ico_alignL.png
  artifactKey: Guid(33af2b4bb53ebc74f9c41b19cb1631a7) Importer(815301076,1909f56bfc062723c751e8b465ee728b)
Start importing Assets/Demigiant/DemiLib/Core/Editor/Imgs/ico_alignL.png using Guid(33af2b4bb53ebc74f9c41b19cb1631a7) Importer(815301076,1909f56bfc062723c751e8b465ee728b)  -> (artifact id: '995f8f4f1caf57e5acad5c4f6c96a659') in 0.027003 seconds 
  Import took 0.035241 seconds .

========================================================================
Received Import Request.
  Time since last request: 0.000782 seconds.
  path: Assets/Demigiant/DemiLib/Core/Editor/Imgs/ico_alignBR.png
  artifactKey: Guid(3ff240e878b0ebf40ada7762ba21c56d) Importer(815301076,1909f56bfc062723c751e8b465ee728b)
Start importing Assets/Demigiant/DemiLib/Core/Editor/Imgs/ico_alignBR.png using Guid(3ff240e878b0ebf40ada7762ba21c56d) Importer(815301076,1909f56bfc062723c751e8b465ee728b)  -> (artifact id: 'b1973e373439e0191f834da1287732a5') in 0.008277 seconds 
  Import took 0.012265 seconds .

========================================================================
Received Import Request.
  Time since last request: 0.000760 seconds.
  path: Assets/Demigiant/DemiLib/Core/Editor/Imgs/ico_comment.png
  artifactKey: Guid(81162f09f4c52c140885de50e88fa5bc) Importer(815301076,1909f56bfc062723c751e8b465ee728b)
Start importing Assets/Demigiant/DemiLib/Core/Editor/Imgs/ico_comment.png using Guid(81162f09f4c52c140885de50e88fa5bc) Importer(815301076,1909f56bfc062723c751e8b465ee728b)  -> (artifact id: '33901fcf654177c5646055da1a9f768f') in 0.039480 seconds 
  Import took 0.043566 seconds .

========================================================================
Received Import Request.
  Time since last request: 0.000898 seconds.
  path: Assets/Demigiant/DemiLib/Core/Editor/Imgs/ico_ui_border.png
  artifactKey: Guid(2bebe9df1fef9e047964995bfc192540) Importer(815301076,1909f56bfc062723c751e8b465ee728b)
Start importing Assets/Demigiant/DemiLib/Core/Editor/Imgs/ico_ui_border.png using Guid(2bebe9df1fef9e047964995bfc192540) Importer(815301076,1909f56bfc062723c751e8b465ee728b)  -> (artifact id: '38e856fb84ae68751e2ecf739672fc07') in 0.031785 seconds 
  Import took 0.039322 seconds .

========================================================================
Received Import Request.
  Time since last request: 0.000652 seconds.
  path: Assets/Demigiant/DemiLib/Core/Editor/Imgs/squareBorderCurvedAlpha.png
  artifactKey: Guid(f0534b1a9d57fed419b1afc542d90e13) Importer(815301076,1909f56bfc062723c751e8b465ee728b)
Start importing Assets/Demigiant/DemiLib/Core/Editor/Imgs/squareBorderCurvedAlpha.png using Guid(f0534b1a9d57fed419b1afc542d90e13) Importer(815301076,1909f56bfc062723c751e8b465ee728b)  -> (artifact id: 'af809de2e2845a95375e0924ed0d0291') in 0.044746 seconds 
  Import took 0.048829 seconds .

========================================================================
Received Import Request.
  Time since last request: 0.000911 seconds.
  path: Assets/Demigiant/DemiLib/Core/Editor/Imgs/ico_alignVC.png
  artifactKey: Guid(83da9cb765129064ea8b3203aed497f0) Importer(815301076,1909f56bfc062723c751e8b465ee728b)
Start importing Assets/Demigiant/DemiLib/Core/Editor/Imgs/ico_alignVC.png using Guid(83da9cb765129064ea8b3203aed497f0) Importer(815301076,1909f56bfc062723c751e8b465ee728b)  -> (artifact id: '554ee9bb1ea3da6992357ea26561bbea') in 0.051471 seconds 
  Import took 0.055705 seconds .

========================================================================
Received Import Request.
  Time since last request: 0.000776 seconds.
  path: Assets/Demigiant/DemiLib/Core/Editor/Imgs/ico_cog_border.png
  artifactKey: Guid(ae9b9659b3c6d444e8523a37a2f5fc26) Importer(815301076,1909f56bfc062723c751e8b465ee728b)
Start importing Assets/Demigiant/DemiLib/Core/Editor/Imgs/ico_cog_border.png using Guid(ae9b9659b3c6d444e8523a37a2f5fc26) Importer(815301076,1909f56bfc062723c751e8b465ee728b)  -> (artifact id: 'f63e3d29345e5a8779d9687ac9d5a437') in 0.030983 seconds 
  Import took 0.035058 seconds .

========================================================================
Received Import Request.
  Time since last request: 0.000725 seconds.
  path: Assets/Demigiant/DemiLib/Core/Editor/Imgs/ico_alignTR.png
  artifactKey: Guid(29c4659a0b2c4de4e88d7d29e7a89a36) Importer(815301076,1909f56bfc062723c751e8b465ee728b)
Start importing Assets/Demigiant/DemiLib/Core/Editor/Imgs/ico_alignTR.png using Guid(29c4659a0b2c4de4e88d7d29e7a89a36) Importer(815301076,1909f56bfc062723c751e8b465ee728b)  -> (artifact id: '6818a7f0827a0623e6e4bbd7036dfad0') in 0.033472 seconds 
  Import took 0.040665 seconds .

========================================================================
Received Import Request.
  Time since last request: 0.001035 seconds.
  path: Assets/Demigiant/DemiLib/Core/Editor/Imgs/ico_alignTC.png
  artifactKey: Guid(a518e1c6a0a80a24bb2dc50c9aa7f44a) Importer(815301076,1909f56bfc062723c751e8b465ee728b)
Start importing Assets/Demigiant/DemiLib/Core/Editor/Imgs/ico_alignTC.png using Guid(a518e1c6a0a80a24bb2dc50c9aa7f44a) Importer(815301076,1909f56bfc062723c751e8b465ee728b)  -> (artifact id: '22a92b52f08bef80bcd53a93368b5a3a') in 0.016164 seconds 
  Import took 0.020132 seconds .

========================================================================
Received Import Request.
  Time since last request: 0.000679 seconds.
  path: Assets/Demigiant/DemiLib/Core/Editor/Imgs/grid_dark.png
  artifactKey: Guid(8cadd3523a79c3441ad4bd5ad281572c) Importer(815301076,1909f56bfc062723c751e8b465ee728b)
Start importing Assets/Demigiant/DemiLib/Core/Editor/Imgs/grid_dark.png using Guid(8cadd3523a79c3441ad4bd5ad281572c) Importer(815301076,1909f56bfc062723c751e8b465ee728b)  -> (artifact id: 'd2dbb6d29ef6a4b9747c22ecf1e21eab') in 0.046659 seconds 
  Import took 0.051064 seconds .

========================================================================
Received Import Request.
  Time since last request: 0.000547 seconds.
  path: Assets/Demigiant/DemiLib/Core/Editor/Imgs/ico_alignTL.png
  artifactKey: Guid(7583e868b72614f4e9a8cc2101e816b3) Importer(815301076,1909f56bfc062723c751e8b465ee728b)
Start importing Assets/Demigiant/DemiLib/Core/Editor/Imgs/ico_alignTL.png using Guid(7583e868b72614f4e9a8cc2101e816b3) Importer(815301076,1909f56bfc062723c751e8b465ee728b)  -> (artifact id: 'd9d91f30fecf675f851d1621a9cdad98') in 0.030058 seconds 
  Import took 0.054536 seconds .

========================================================================
Received Import Request.
  Time since last request: 0.001713 seconds.
  path: Assets/Demigiant/DemiLib/Core/Editor/Imgs/blackSquareAlpha50.png
  artifactKey: Guid(3ec7cd0fb079d2240ae1a935497378fa) Importer(815301076,1909f56bfc062723c751e8b465ee728b)
Start importing Assets/Demigiant/DemiLib/Core/Editor/Imgs/blackSquareAlpha50.png using Guid(3ec7cd0fb079d2240ae1a935497378fa) Importer(815301076,1909f56bfc062723c751e8b465ee728b)  -> (artifact id: 'c5cbf33495c8d25984f7e41afecc2746') in 0.009290 seconds 
  Import took 0.014549 seconds .

========================================================================
Received Import Request.
  Time since last request: 0.001796 seconds.
  path: Assets/Demigiant/DemiLib/Core/Editor/Imgs/ico_play_border.png
  artifactKey: Guid(d554a8880651fbf4f91169ee095a8024) Importer(815301076,1909f56bfc062723c751e8b465ee728b)
Start importing Assets/Demigiant/DemiLib/Core/Editor/Imgs/ico_play_border.png using Guid(d554a8880651fbf4f91169ee095a8024) Importer(815301076,1909f56bfc062723c751e8b465ee728b)  -> (artifact id: '6e1ccf9e5aa40c64589b3d8f3333e7af') in 0.009042 seconds 
  Import took 0.013097 seconds .

========================================================================
Received Import Request.
  Time since last request: 0.001295 seconds.
  path: Packages/com.unity.purchasing/Icons/LinkWhite.png
  artifactKey: Guid(e679a29ca22bc4fa0bd848bd79a42b79) Importer(815301076,1909f56bfc062723c751e8b465ee728b)
Start importing Packages/com.unity.purchasing/Icons/LinkWhite.png using Guid(e679a29ca22bc4fa0bd848bd79a42b79) Importer(815301076,1909f56bfc062723c751e8b465ee728b)  -> (artifact id: '6ded2713da8e9581ad9ff5cf0ec32903') in 0.037544 seconds 
  Import took 0.044734 seconds .

========================================================================
Received Import Request.
  Time since last request: 0.000743 seconds.
  path: Assets/Demigiant/DemiLib/Core/Editor/Imgs/ico_alignBC.png
  artifactKey: Guid(79ba96608ae2daa4a9d3f54e58a03c37) Importer(815301076,1909f56bfc062723c751e8b465ee728b)
Start importing Assets/Demigiant/DemiLib/Core/Editor/Imgs/ico_alignBC.png using Guid(79ba96608ae2daa4a9d3f54e58a03c37) Importer(815301076,1909f56bfc062723c751e8b465ee728b)  -> (artifact id: '2514cf4e93cda4aaf40b334ba10cb2b7') in 0.027457 seconds 
  Import took 0.031556 seconds .

========================================================================
Received Import Request.
  Time since last request: 0.001373 seconds.
  path: Assets/Demigiant/DemiLib/Core/Editor/Imgs/squareBorderEmpty03.png
  artifactKey: Guid(8b9eafac1476c7c4d85bf9a23e37b1e4) Importer(815301076,1909f56bfc062723c751e8b465ee728b)
Start importing Assets/Demigiant/DemiLib/Core/Editor/Imgs/squareBorderEmpty03.png using Guid(8b9eafac1476c7c4d85bf9a23e37b1e4) Importer(815301076,1909f56bfc062723c751e8b465ee728b)  -> (artifact id: '6b905a486c9b2b898ce92a6130035421') in 0.084695 seconds 
  Import took 0.089344 seconds .

========================================================================
Received Import Request.
  Time since last request: 0.000709 seconds.
  path: Assets/Demigiant/DemiLib/Core/Editor/Imgs/ico_alignCR.png
  artifactKey: Guid(52dfe8b89337fca41afbc1326d40f02b) Importer(815301076,1909f56bfc062723c751e8b465ee728b)
Start importing Assets/Demigiant/DemiLib/Core/Editor/Imgs/ico_alignCR.png using Guid(52dfe8b89337fca41afbc1326d40f02b) Importer(815301076,1909f56bfc062723c751e8b465ee728b)  -> (artifact id: '75f46e74c07b69f5ea784a56991a6af2') in 0.028369 seconds 
  Import took 0.036323 seconds .

========================================================================
Received Import Request.
  Time since last request: 0.000794 seconds.
  path: Assets/Demigiant/DemiLib/Core/Editor/Imgs/squareCornersEmpty02.png
  artifactKey: Guid(ebf30f85e83d1b84cbacaa4bc359534b) Importer(815301076,1909f56bfc062723c751e8b465ee728b)
Start importing Assets/Demigiant/DemiLib/Core/Editor/Imgs/squareCornersEmpty02.png using Guid(ebf30f85e83d1b84cbacaa4bc359534b) Importer(815301076,1909f56bfc062723c751e8b465ee728b)  -> (artifact id: '7355bd559b5690a06fdd5a4da5ec1998') in 0.023635 seconds 
  Import took 0.030953 seconds .

========================================================================
Received Import Request.
  Time since last request: 0.000746 seconds.
  path: Assets/Demigiant/DemiLib/Core/Editor/Imgs/greenSquare.png
  artifactKey: Guid(f8ef78a979aadca4fbba2f9a6c7574cb) Importer(815301076,1909f56bfc062723c751e8b465ee728b)
Start importing Assets/Demigiant/DemiLib/Core/Editor/Imgs/greenSquare.png using Guid(f8ef78a979aadca4fbba2f9a6c7574cb) Importer(815301076,1909f56bfc062723c751e8b465ee728b)  -> (artifact id: '3b0e0c5ff44278d7b6788bd921fa1f83') in 0.011598 seconds 
  Import took 0.018018 seconds .

========================================================================
Received Import Request.
  Time since last request: 0.000719 seconds.
  path: Assets/Demigiant/DemiLib/Core/Editor/Imgs/squareBorderAlpha15.png
  artifactKey: Guid(54b92c997f3cd7a4ea5934e0dd85b2eb) Importer(815301076,1909f56bfc062723c751e8b465ee728b)
Start importing Assets/Demigiant/DemiLib/Core/Editor/Imgs/squareBorderAlpha15.png using Guid(54b92c997f3cd7a4ea5934e0dd85b2eb) Importer(815301076,1909f56bfc062723c751e8b465ee728b)  -> (artifact id: '1cc5d5f44dd9d96bf56cd8374f7eddc9') in 0.014639 seconds 
  Import took 0.018611 seconds .

========================================================================
Received Import Request.
  Time since last request: 0.000722 seconds.
  path: Assets/Demigiant/DemiLib/Core/Editor/Imgs/ico_alignCC.png
  artifactKey: Guid(f06288648b449524db6d2f66d0743613) Importer(815301076,1909f56bfc062723c751e8b465ee728b)
Start importing Assets/Demigiant/DemiLib/Core/Editor/Imgs/ico_alignCC.png using Guid(f06288648b449524db6d2f66d0743613) Importer(815301076,1909f56bfc062723c751e8b465ee728b)  -> (artifact id: 'abc43289d1dc3b412de2972387ee138d') in 0.015219 seconds 
  Import took 0.019271 seconds .

========================================================================
Received Import Request.
  Time since last request: 0.000858 seconds.
  path: Assets/Demigiant/DemiLib/Core/Editor/Imgs/squareBorderCurvedEmpty02.png
  artifactKey: Guid(f996a79ae75fd0c4196f716439cb6876) Importer(815301076,1909f56bfc062723c751e8b465ee728b)
Start importing Assets/Demigiant/DemiLib/Core/Editor/Imgs/squareBorderCurvedEmpty02.png using Guid(f996a79ae75fd0c4196f716439cb6876) Importer(815301076,1909f56bfc062723c751e8b465ee728b)  -> (artifact id: '5a2123dec7319dbb45f9a5441eeea9e7') in 0.022574 seconds 
  Import took 0.027644 seconds .

========================================================================
Received Import Request.
  Time since last request: 0.000758 seconds.
  path: Assets/Demigiant/DemiLib/Core/Editor/Imgs/ico_camera.png
  artifactKey: Guid(01a07c5e8567f57478159563fb6fb60f) Importer(815301076,1909f56bfc062723c751e8b465ee728b)
Start importing Assets/Demigiant/DemiLib/Core/Editor/Imgs/ico_camera.png using Guid(01a07c5e8567f57478159563fb6fb60f) Importer(815301076,1909f56bfc062723c751e8b465ee728b)  -> (artifact id: 'fbfea5d34c9df04b962252ade3db88fe') in 0.013744 seconds 
  Import took 0.018275 seconds .

========================================================================
Received Import Request.
  Time since last request: 0.001016 seconds.
  path: Assets/Demigiant/DemiLib/Core/Editor/Imgs/blackSquareAlpha15.png
  artifactKey: Guid(8b845c2637b99c845ae704c67df0f35e) Importer(815301076,1909f56bfc062723c751e8b465ee728b)
Start importing Assets/Demigiant/DemiLib/Core/Editor/Imgs/blackSquareAlpha15.png using Guid(8b845c2637b99c845ae704c67df0f35e) Importer(815301076,1909f56bfc062723c751e8b465ee728b)  -> (artifact id: 'feee06d808cce94ede75624ae21a887c') in 0.023017 seconds 
  Import took 0.026696 seconds .

========================================================================
Received Import Request.
  Time since last request: 0.000714 seconds.
  path: Assets/Demigiant/DemiLib/Core/Editor/Imgs/whiteDot.png
  artifactKey: Guid(c52eb28ec62dd3146a0eda32e6fd48e5) Importer(815301076,1909f56bfc062723c751e8b465ee728b)
Start importing Assets/Demigiant/DemiLib/Core/Editor/Imgs/whiteDot.png using Guid(c52eb28ec62dd3146a0eda32e6fd48e5) Importer(815301076,1909f56bfc062723c751e8b465ee728b)  -> (artifact id: 'd39cbc6f308525176ce24bfee9a05c36') in 0.010045 seconds 
  Import took 0.014314 seconds .

========================================================================
Received Import Request.
  Time since last request: 578.617911 seconds.
  path: Assets/Sprites/ICONS/Banner 320x180.psd
  artifactKey: Guid(cbfd74c2e6b8c3f42a238f5aaaee152c) Importer(815301076,1909f56bfc062723c751e8b465ee728b)
Start importing Assets/Sprites/ICONS/Banner 320x180.psd using Guid(cbfd74c2e6b8c3f42a238f5aaaee152c) Importer(815301076,1909f56bfc062723c751e8b465ee728b)  -> (artifact id: 'a40317bd2dbee4617ac288a411ad39e0') in 0.054047 seconds 
  Import took 0.059024 seconds .

========================================================================
Received Import Request.
  Time since last request: 113.078847 seconds.
  path: Assets/Sprites/ICONS/Banner 320x180.png
  artifactKey: Guid(4fd450728b1d9c84bb2f011edafcbb6c) Importer(815301076,1909f56bfc062723c751e8b465ee728b)
Start importing Assets/Sprites/ICONS/Banner 320x180.png using Guid(4fd450728b1d9c84bb2f011edafcbb6c) Importer(815301076,1909f56bfc062723c751e8b465ee728b)  -> (artifact id: '2486f0f33a41729d6852a926b194c4fd') in 0.017403 seconds 
  Import took 0.022169 seconds .

========================================================================
Received Import Request.
  Time since last request: 229.489854 seconds.
  path: Assets/Sprites/ICONS/Foreground.png
  artifactKey: Guid(372b54e098d1ab944bca694b9ff311f5) Importer(815301076,1909f56bfc062723c751e8b465ee728b)
Start importing Assets/Sprites/ICONS/Foreground.png using Guid(372b54e098d1ab944bca694b9ff311f5) Importer(815301076,1909f56bfc062723c751e8b465ee728b)  -> (artifact id: '647d2dd935ef4ebdbe30182bc3512ec6') in 0.054204 seconds 
  Import took 0.058262 seconds .

========================================================================
Received Import Request.
  Time since last request: 77.185530 seconds.
  path: Assets/Sprites/ICONS/Background.png
  artifactKey: Guid(33d6e693090361746ba50c4dd4e7fbc9) Importer(815301076,1909f56bfc062723c751e8b465ee728b)
Start importing Assets/Sprites/ICONS/Background.png using Guid(33d6e693090361746ba50c4dd4e7fbc9) Importer(815301076,1909f56bfc062723c751e8b465ee728b)  -> (artifact id: '0542707c060230b074e4a365740f8079') in 0.017288 seconds 
  Import took 0.083934 seconds .

========================================================================
Received Import Request.
  Time since last request: 47.029779 seconds.
  path: Assets/Sprites/ICONS/ICON 432.png
  artifactKey: Guid(dea2d2587fe5df64ca9d0086b40b6994) Importer(815301076,1909f56bfc062723c751e8b465ee728b)
Start importing Assets/Sprites/ICONS/ICON 432.png using Guid(dea2d2587fe5df64ca9d0086b40b6994) Importer(815301076,1909f56bfc062723c751e8b465ee728b)  -> (artifact id: '053aa144b6e8fc91a615a80661bcc276') in 0.023831 seconds 
  Import took 0.027364 seconds .

========================================================================
Received Prepare
Refreshing native plugins compatible for Editor in 168.71 ms, found 2 plugins.
Preloading 0 native plugins for Editor in 0.00 ms.
Unloading 52 Unused Serialized files (Serialized files now loaded: 0)
System memory in use before: 47.3 MB.
System memory in use after: 47.4 MB.

Unloading 52 unused Assets to reduce memory usage. Loaded Objects now: 2446.
Total: 47.066000 ms (FindLiveObjects: 0.267900 ms CreateObjectMapping: 0.102700 ms MarkObjects: 46.609000 ms  DeleteObjects: 0.084700 ms)

AssetImportParameters requested are different than current active one (requested -> active):
  custom:framework-win-MediaFoundation: 216162199b28c13a410421893ffa2e32 -> 
  custom:video-decoder-ogg-theora: a1e56fd34408186e4bbccfd4996cb3dc -> 
  custom:container-muxer-webm: aa71ff27fc2769a1b78a27578f13a17b -> 
  custom:container-demuxer-webm: 4f35f7cbe854078d1ac9338744f61a02 -> 
  custom:container-demuxer-ogg: 62fdf1f143b41e24485cea50d1cbac27 -> 
  custom:video-encoder-webm-vp8: eb34c28f22e8b96e1ab97ce403110664 -> 
  custom:video-decoder-webm-vp8: 9c59270c3fd7afecdb556c50c9e8de78 -> 
  custom:audio-decoder-ogg-vorbis: bf7c407c2cedff20999df2af8eb42d56 -> 
  custom:audio-encoder-webm-vorbis: bf7c407c2cedff20999df2af8eb42d56 -> 
========================================================================
Received Prepare
Refreshing native plugins compatible for Editor in 11.79 ms, found 2 plugins.
Preloading 0 native plugins for Editor in 0.00 ms.
Unloading 52 Unused Serialized files (Serialized files now loaded: 0)
System memory in use before: 47.3 MB.
System memory in use after: 47.4 MB.

Unloading 52 unused Assets to reduce memory usage. Loaded Objects now: 2446.
Total: 8.605500 ms (FindLiveObjects: 0.237100 ms CreateObjectMapping: 0.084800 ms MarkObjects: 8.176200 ms  DeleteObjects: 0.087600 ms)

AssetImportParameters requested are different than current active one (requested -> active):
  custom:framework-win-MediaFoundation: 216162199b28c13a410421893ffa2e32 -> 
  custom:video-decoder-ogg-theora: a1e56fd34408186e4bbccfd4996cb3dc -> 
  custom:container-muxer-webm: aa71ff27fc2769a1b78a27578f13a17b -> 
  custom:container-demuxer-webm: 4f35f7cbe854078d1ac9338744f61a02 -> 
  custom:container-demuxer-ogg: 62fdf1f143b41e24485cea50d1cbac27 -> 
  custom:video-encoder-webm-vp8: eb34c28f22e8b96e1ab97ce403110664 -> 
  custom:video-decoder-webm-vp8: 9c59270c3fd7afecdb556c50c9e8de78 -> 
  custom:audio-decoder-ogg-vorbis: bf7c407c2cedff20999df2af8eb42d56 -> 
  custom:audio-encoder-webm-vorbis: bf7c407c2cedff20999df2af8eb42d56 -> 
AssetImportWorkerClient::OnTransportError - code=2 error=End of file
